# JRE version: OpenJDK Runtime Environment (8.0_202-b03) (build 1.8.0_202-release-1483-b03)
# Java VM: OpenJDK 64-Bit Server VM (25.202-b03 mixed mode windows-amd64 compressed oops)
Heap:
 PSYoungGen      total 174592K, used 136632K [0x00000000e0000000, 0x00000000ec580000, 0x0000000100000000)
  eden space 150016K, 88% used [0x00000000e0000000,0x00000000e8125d08,0x00000000e9280000)
  from space 24576K, 17% used [0x00000000ead80000,0x00000000eb1c84c0,0x00000000ec580000)
  to   space 26112K, 0% used [0x00000000e9280000,0x00000000e9280000,0x00000000eac00000)
 ParOldGen       total 121856K, used 48044K [0x00000000a0000000, 0x00000000a7700000, 0x00000000e0000000)
  object space 121856K, 39% used [0x00000000a0000000,0x00000000a2eeb2d0,0x00000000a7700000)
 Metaspace       used 86497K, capacity 89510K, committed 90388K, reserved 1128448K
  class space    used 10728K, capacity 11375K, committed 11540K, reserved 1048576K
GC Heap History (10 events):
Event: 2147.180 GC heap before
{Heap before GC invocations=42 (full 3):
 PSYoungGen      total 174080K, used 170777K [0x00000000e0000000, 0x00000000ec880000, 0x0000000100000000)
  eden space 150016K, 99% used [0x00000000e0000000,0x00000000e927b5a8,0x00000000e9280000)
  from space 24064K, 86% used [0x00000000ead00000,0x00000000ec14af08,0x00000000ec480000)
  to   space 27136K, 0% used [0x00000000e9280000,0x00000000e9280000,0x00000000ead00000)
 ParOldGen       total 86528K, used 73420K [0x00000000a0000000, 0x00000000a5480000, 0x00000000e0000000)
  object space 86528K, 84% used [0x00000000a0000000,0x00000000a47b3300,0x00000000a5480000)
 Metaspace       used 80873K, capacity 84248K, committed 84500K, reserved 1122304K
  class space    used 10248K, capacity 10984K, committed 11028K, reserved 1048576K
Event: 2147.944 GC heap after
Heap after GC invocations=42 (full 3):
 PSYoungGen      total 151040K, used 6640K [0x00000000e0000000, 0x00000000ebf00000, 0x0000000100000000)
  eden space 144384K, 0% used [0x00000000e0000000,0x00000000e0000000,0x00000000e8d00000)
  from space 6656K, 99% used [0x00000000e9280000,0x00000000e98fc280,0x00000000e9900000)
  to   space 25600K, 0% used [0x00000000ea600000,0x00000000ea600000,0x00000000ebf00000)
 ParOldGen       total 89600K, used 89284K [0x00000000a0000000, 0x00000000a5780000, 0x00000000e0000000)
  object space 89600K, 99% used [0x00000000a0000000,0x00000000a57311b0,0x00000000a5780000)
 Metaspace       used 80873K, capacity 84248K, committed 84500K, reserved 1122304K
  class space    used 10248K, capacity 10984K, committed 11028K, reserved 1048576K
}
Event: 2147.944 GC heap before
{Heap before GC invocations=43 (full 4):
 PSYoungGen      total 151040K, used 6640K [0x00000000e0000000, 0x00000000ebf00000, 0x0000000100000000)
  eden space 144384K, 0% used [0x00000000e0000000,0x00000000e0000000,0x00000000e8d00000)
  from space 6656K, 99% used [0x00000000e9280000,0x00000000e98fc280,0x00000000e9900000)
  to   space 25600K, 0% used [0x00000000ea600000,0x00000000ea600000,0x00000000ebf00000)
 ParOldGen       total 89600K, used 89284K [0x00000000a0000000, 0x00000000a5780000, 0x00000000e0000000)
  object space 89600K, 99% used [0x00000000a0000000,0x00000000a57311b0,0x00000000a5780000)
 Metaspace       used 80873K, capacity 84248K, committed 84500K, reserved 1122304K
  class space    used 10248K, capacity 10984K, committed 11028K, reserved 1048576K
Event: 2163.608 GC heap after
Heap after GC invocations=43 (full 4):
 PSYoungGen      total 151040K, used 0K [0x00000000e0000000, 0x00000000ebf00000, 0x0000000100000000)
  eden space 144384K, 0% used [0x00000000e0000000,0x00000000e0000000,0x00000000e8d00000)
  from space 6656K, 0% used [0x00000000e9280000,0x00000000e9280000,0x00000000e9900000)
  to   space 25600K, 0% used [0x00000000ea600000,0x00000000ea600000,0x00000000ebf00000)
 ParOldGen       total 121856K, used 48020K [0x00000000a0000000, 0x00000000a7700000, 0x00000000e0000000)
  object space 121856K, 39% used [0x00000000a0000000,0x00000000a2ee52d0,0x00000000a7700000)
 Metaspace       used 79871K, capacity 82888K, committed 84500K, reserved 1122304K
  class space    used 10041K, capacity 10684K, committed 11028K, reserved 1048576K
}
Event: 2188.617 GC heap before
{Heap before GC invocations=44 (full 4):
 PSYoungGen      total 151040K, used 144384K [0x00000000e0000000, 0x00000000ebf00000, 0x0000000100000000)
  eden space 144384K, 100% used [0x00000000e0000000,0x00000000e8d00000,0x00000000e8d00000)
  from space 6656K, 0% used [0x00000000e9280000,0x00000000e9280000,0x00000000e9900000)
  to   space 25600K, 0% used [0x00000000ea600000,0x00000000ea600000,0x00000000ebf00000)
 ParOldGen       total 121856K, used 48020K [0x00000000a0000000, 0x00000000a7700000, 0x00000000e0000000)
  object space 121856K, 39% used [0x00000000a0000000,0x00000000a2ee52d0,0x00000000a7700000)
 Metaspace       used 80356K, capacity 83372K, committed 84500K, reserved 1122304K
  class space    used 10091K, capacity 10764K, committed 11028K, reserved 1048576K
Event: 2188.649 GC heap after
Heap after GC invocations=44 (full 4):
 PSYoungGen      total 168448K, used 18113K [0x00000000e0000000, 0x00000000ecd00000, 0x0000000100000000)
  eden space 142848K, 0% used [0x00000000e0000000,0x00000000e0000000,0x00000000e8b80000)
  from space 25600K, 70% used [0x00000000ea600000,0x00000000eb7b04a0,0x00000000ebf00000)
  to   space 27136K, 0% used [0x00000000e8b80000,0x00000000e8b80000,0x00000000ea600000)
 ParOldGen       total 121856K, used 48028K [0x00000000a0000000, 0x00000000a7700000, 0x00000000e0000000)
  object space 121856K, 39% used [0x00000000a0000000,0x00000000a2ee72d0,0x00000000a7700000)
 Metaspace       used 80356K, capacity 83372K, committed 84500K, reserved 1122304K
  class space    used 10091K, capacity 10764K, committed 11028K, reserved 1048576K
}
Event: 2241.761 GC heap before
{Heap before GC invocations=45 (full 4):
 PSYoungGen      total 168448K, used 160961K [0x00000000e0000000, 0x00000000ecd00000, 0x0000000100000000)
  eden space 142848K, 100% used [0x00000000e0000000,0x00000000e8b80000,0x00000000e8b80000)
  from space 25600K, 70% used [0x00000000ea600000,0x00000000eb7b04a0,0x00000000ebf00000)
  to   space 27136K, 0% used [0x00000000e8b80000,0x00000000e8b80000,0x00000000ea600000)
 ParOldGen       total 121856K, used 48028K [0x00000000a0000000, 0x00000000a7700000, 0x00000000e0000000)
  object space 121856K, 39% used [0x00000000a0000000,0x00000000a2ee72d0,0x00000000a7700000)
 Metaspace       used 80505K, capacity 83654K, committed 84500K, reserved 1122304K
  class space    used 10096K, capacity 10767K, committed 11028K, reserved 1048576K
Event: 2241.768 GC heap after
Heap after GC invocations=45 (full 4):
 PSYoungGen      total 169984K, used 4577K [0x00000000e0000000, 0x00000000ec780000, 0x0000000100000000)
  eden space 142848K, 0% used [0x00000000e0000000,0x00000000e0000000,0x00000000e8b80000)
  from space 27136K, 16% used [0x00000000e8b80000,0x00000000e8ff84c0,0x00000000ea600000)
  to   space 26624K, 0% used [0x00000000ead80000,0x00000000ead80000,0x00000000ec780000)
 ParOldGen       total 121856K, used 48036K [0x00000000a0000000, 0x00000000a7700000, 0x00000000e0000000)
  object space 121856K, 39% used [0x00000000a0000000,0x00000000a2ee92d0,0x00000000a7700000)
 Metaspace       used 80505K, capacity 83654K, committed 84500K, reserved 1122304K
  class space    used 10096K, capacity 10767K, committed 11028K, reserved 1048576K
}
Event: 2247.488 GC heap before
{Heap before GC invocations=46 (full 4):
 PSYoungGen      total 169984K, used 147425K [0x00000000e0000000, 0x00000000ec780000, 0x0000000100000000)
  eden space 142848K, 100% used [0x00000000e0000000,0x00000000e8b80000,0x00000000e8b80000)
  from space 27136K, 16% used [0x00000000e8b80000,0x00000000e8ff84c0,0x00000000ea600000)
  to   space 26624K, 0% used [0x00000000ead80000,0x00000000ead80000,0x00000000ec780000)
 ParOldGen       total 121856K, used 48036K [0x00000000a0000000, 0x00000000a7700000, 0x00000000e0000000)
  object space 121856K, 39% used [0x00000000a0000000,0x00000000a2ee92d0,0x00000000a7700000)
 Metaspace       used 80625K, capacity 83750K, committed 84500K, reserved 1122304K
  class space    used 10118K, capacity 10799K, committed 11028K, reserved 1048576K
Event: 2247.496 GC heap after
Heap after GC invocations=46 (full 4):
 PSYoungGen      total 174592K, used 4385K [0x00000000e0000000, 0x00000000ec580000, 0x0000000100000000)
  eden space 150016K, 0% used [0x00000000e0000000,0x00000000e0000000,0x00000000e9280000)
  from space 24576K, 17% used [0x00000000ead80000,0x00000000eb1c84c0,0x00000000ec580000)
  to   space 26112K, 0% used [0x00000000e9280000,0x00000000e9280000,0x00000000eac00000)
 ParOldGen       total 121856K, used 48044K [0x00000000a0000000, 0x00000000a7700000, 0x00000000e0000000)
  object space 121856K, 39% used [0x00000000a0000000,0x00000000a2eeb2d0,0x00000000a7700000)
 Metaspace       used 80625K, capacity 83750K, committed 84500K, reserved 1122304K
  class space    used 10118K, capacity 10799K, committed 11028K, reserved 1048576K
}

